2022/04/13 12:58:34 [notice] 1#1: using the "epoll" event method
2022/04/13 12:58:34 [notice] 1#1: nginx/1.21.6
2022/04/13 12:58:34 [notice] 1#1: built by gcc 10.2.1 20210110 (Debian 10.2.1-6) 
2022/04/13 12:58:34 [notice] 1#1: OS: Linux 5.10.16.3-microsoft-standard-WSL2
2022/04/13 12:58:34 [notice] 1#1: getrlimit(RLIMIT_NOFILE): 1048576:1048576
2022/04/13 12:58:34 [notice] 1#1: start worker processes
2022/04/13 12:58:34 [notice] 1#1: start worker process 22
2022/04/13 12:58:34 [notice] 1#1: start worker process 23
2022/04/13 12:58:34 [notice] 1#1: start worker process 24
2022/04/13 12:58:34 [notice] 1#1: start worker process 25
2022/04/13 12:58:34 [notice] 1#1: start worker process 26
2022/04/13 12:58:34 [notice] 1#1: start worker process 27
2022/04/13 12:58:34 [notice] 1#1: start worker process 28
2022/04/13 12:58:34 [notice] 1#1: start worker process 29
2022/04/13 13:38:05 [notice] 29#29: signal 15 (SIGTERM) received, exiting
2022/04/13 13:38:05 [notice] 25#25: signal 15 (SIGTERM) received, exiting
2022/04/13 13:38:05 [notice] 1#1: signal 15 (SIGTERM) received, exiting
2022/04/13 13:38:05 [notice] 27#27: signal 15 (SIGTERM) received, exiting
2022/04/13 13:38:05 [notice] 27#27: exiting
2022/04/13 13:38:05 [notice] 23#23: signal 15 (SIGTERM) received, exiting
2022/04/13 13:38:05 [notice] 28#28: signal 15 (SIGTERM) received, exiting
2022/04/13 13:38:05 [notice] 26#26: signal 15 (SIGTERM) received, exiting
2022/04/13 13:38:05 [notice] 22#22: signal 15 (SIGTERM) received, exiting
2022/04/13 13:38:05 [notice] 24#24: signal 15 (SIGTERM) received, exiting
2022/04/13 13:38:05 [notice] 29#29: exiting
2022/04/13 13:38:05 [notice] 25#25: exiting
2022/04/13 13:38:05 [notice] 27#27: exit
2022/04/13 13:38:05 [notice] 23#23: exiting
2022/04/13 13:38:05 [notice] 23#23: exit
2022/04/13 13:38:05 [notice] 28#28: exiting
2022/04/13 13:38:05 [notice] 28#28: exit
2022/04/13 13:38:05 [notice] 26#26: exiting
2022/04/13 13:38:05 [notice] 22#22: exiting
2022/04/13 13:38:05 [notice] 24#24: exiting
2022/04/13 13:38:05 [notice] 24#24: exit
2022/04/13 13:38:05 [notice] 29#29: exit
2022/04/13 13:38:05 [notice] 25#25: exit
2022/04/13 13:38:05 [notice] 26#26: exit
2022/04/13 13:38:05 [notice] 22#22: exit
2022/04/13 13:38:05 [notice] 1#1: signal 14 (SIGALRM) received
2022/04/13 13:38:05 [notice] 1#1: signal 17 (SIGCHLD) received from 25
2022/04/13 13:38:05 [notice] 1#1: worker process 22 exited with code 0
2022/04/13 13:38:05 [notice] 1#1: worker process 23 exited with code 0
2022/04/13 13:38:05 [notice] 1#1: worker process 25 exited with code 0
2022/04/13 13:38:05 [notice] 1#1: worker process 28 exited with code 0
2022/04/13 13:38:05 [notice] 1#1: worker process 29 exited with code 0
2022/04/13 13:38:05 [notice] 1#1: signal 29 (SIGIO) received
2022/04/13 13:38:05 [notice] 1#1: signal 17 (SIGCHLD) received from 28
2022/04/13 13:38:05 [notice] 1#1: signal 17 (SIGCHLD) received from 26
2022/04/13 13:38:05 [notice] 1#1: worker process 26 exited with code 0
2022/04/13 13:38:05 [notice] 1#1: signal 29 (SIGIO) received
2022/04/13 13:38:05 [notice] 1#1: signal 17 (SIGCHLD) received from 27
2022/04/13 13:38:05 [notice] 1#1: worker process 24 exited with code 0
2022/04/13 13:38:05 [notice] 1#1: worker process 27 exited with code 0
2022/04/13 13:38:05 [notice] 1#1: exit
2022/04/13 13:38:28 [notice] 1#1: using the "epoll" event method
2022/04/13 13:38:28 [notice] 1#1: nginx/1.21.6
2022/04/13 13:38:28 [notice] 1#1: built by gcc 10.2.1 20210110 (Debian 10.2.1-6) 
2022/04/13 13:38:28 [notice] 1#1: OS: Linux 5.10.16.3-microsoft-standard-WSL2
2022/04/13 13:38:28 [notice] 1#1: getrlimit(RLIMIT_NOFILE): 1048576:1048576
2022/04/13 13:38:28 [notice] 1#1: start worker processes
2022/04/13 13:38:28 [notice] 1#1: start worker process 22
2022/04/13 13:38:28 [notice] 1#1: start worker process 23
2022/04/13 13:38:28 [notice] 1#1: start worker process 24
2022/04/13 13:38:28 [notice] 1#1: start worker process 25
2022/04/13 13:38:28 [notice] 1#1: start worker process 26
2022/04/13 13:38:28 [notice] 1#1: start worker process 27
2022/04/13 13:38:28 [notice] 1#1: start worker process 28
2022/04/13 13:38:28 [notice] 1#1: start worker process 29
2022/04/13 13:50:31 [notice] 28#28: signal 15 (SIGTERM) received, exiting
2022/04/13 13:50:31 [notice] 26#26: signal 15 (SIGTERM) received, exiting
2022/04/13 13:50:31 [notice] 25#25: signal 15 (SIGTERM) received, exiting
2022/04/13 13:50:31 [notice] 25#25: exiting
2022/04/13 13:50:31 [notice] 24#24: signal 15 (SIGTERM) received, exiting
2022/04/13 13:50:31 [notice] 24#24: exiting
2022/04/13 13:50:31 [notice] 22#22: signal 15 (SIGTERM) received, exiting
2022/04/13 13:50:31 [notice] 22#22: exiting
2022/04/13 13:50:31 [notice] 23#23: signal 15 (SIGTERM) received, exiting
2022/04/13 13:50:31 [notice] 27#27: signal 15 (SIGTERM) received, exiting
2022/04/13 13:50:31 [notice] 1#1: signal 15 (SIGTERM) received, exiting
2022/04/13 13:50:31 [notice] 29#29: signal 15 (SIGTERM) received, exiting
2022/04/13 13:50:31 [notice] 28#28: exiting
2022/04/13 13:50:31 [notice] 26#26: exiting
2022/04/13 13:50:31 [notice] 25#25: exit
2022/04/13 13:50:31 [notice] 24#24: exit
2022/04/13 13:50:31 [notice] 22#22: exit
2022/04/13 13:50:31 [notice] 23#23: exiting
2022/04/13 13:50:31 [notice] 27#27: exiting
2022/04/13 13:50:31 [notice] 29#29: exiting
2022/04/13 13:50:31 [notice] 28#28: exit
2022/04/13 13:50:31 [notice] 26#26: exit
2022/04/13 13:50:31 [notice] 23#23: exit
2022/04/13 13:50:31 [notice] 27#27: exit
2022/04/13 13:50:31 [notice] 29#29: exit
2022/04/13 13:50:31 [notice] 1#1: signal 14 (SIGALRM) received
2022/04/13 13:50:31 [notice] 1#1: signal 17 (SIGCHLD) received from 28
2022/04/13 13:50:31 [notice] 1#1: worker process 28 exited with code 0
2022/04/13 13:50:31 [notice] 1#1: worker process 29 exited with code 0
2022/04/13 13:50:31 [notice] 1#1: signal 29 (SIGIO) received
2022/04/13 13:50:31 [notice] 1#1: signal 17 (SIGCHLD) received from 27
2022/04/13 13:50:31 [notice] 1#1: worker process 27 exited with code 0
2022/04/13 13:50:31 [notice] 1#1: signal 29 (SIGIO) received
2022/04/13 13:50:31 [notice] 1#1: signal 17 (SIGCHLD) received from 22
2022/04/13 13:50:31 [notice] 1#1: worker process 22 exited with code 0
2022/04/13 13:50:31 [notice] 1#1: worker process 23 exited with code 0
2022/04/13 13:50:31 [notice] 1#1: worker process 24 exited with code 0
2022/04/13 13:50:31 [notice] 1#1: worker process 25 exited with code 0
2022/04/13 13:50:31 [notice] 1#1: worker process 26 exited with code 0
2022/04/13 13:50:31 [notice] 1#1: exit
2022/04/13 13:52:07 [emerg] 1#1: unknown directive "0.0.0.0" in /etc/nginx/conf.d/hello-dev.conf:2
2022/04/13 13:52:32 [emerg] 1#1: unknown directive "0.0.0.0" in /etc/nginx/conf.d/hello-dev.conf:2
2022/04/13 13:52:40 [emerg] 1#1: unknown directive "0.0.0.0" in /etc/nginx/conf.d/hello-dev.conf:2
2022/04/13 13:53:04 [emerg] 1#1: unknown directive "0.0.0.0" in /etc/nginx/conf.d/hello-dev.conf:2
2022/04/13 13:53:20 [emerg] 1#1: unknown directive "0.0.0.0" in /etc/nginx/conf.d/hello-dev.conf:2
2022/04/13 13:53:28 [emerg] 1#1: unknown directive "0.0.0.0" in /etc/nginx/conf.d/hello-dev.conf:2
2022/04/13 13:53:39 [emerg] 1#1: unknown directive "0.0.0.0" in /etc/nginx/conf.d/hello-dev.conf:2
2022/04/13 13:53:45 [emerg] 1#1: unknown directive "0.0.0.0" in /etc/nginx/conf.d/hello-dev.conf:2
2022/04/13 13:53:59 [emerg] 1#1: unknown directive "0.0.0.0" in /etc/nginx/conf.d/hello-dev.conf:2
2022/04/13 13:54:18 [notice] 1#1: using the "epoll" event method
2022/04/13 13:54:18 [notice] 1#1: nginx/1.21.6
2022/04/13 13:54:18 [notice] 1#1: built by gcc 10.2.1 20210110 (Debian 10.2.1-6) 
2022/04/13 13:54:18 [notice] 1#1: OS: Linux 5.10.16.3-microsoft-standard-WSL2
2022/04/13 13:54:18 [notice] 1#1: getrlimit(RLIMIT_NOFILE): 1048576:1048576
2022/04/13 13:54:18 [notice] 1#1: start worker processes
2022/04/13 13:54:18 [notice] 1#1: start worker process 22
2022/04/13 13:54:18 [notice] 1#1: start worker process 23
2022/04/13 13:54:18 [notice] 1#1: start worker process 24
2022/04/13 13:54:18 [notice] 1#1: start worker process 25
2022/04/13 13:54:18 [notice] 1#1: start worker process 26
2022/04/13 13:54:18 [notice] 1#1: start worker process 27
2022/04/13 13:54:18 [notice] 1#1: start worker process 28
2022/04/13 13:54:18 [notice] 1#1: start worker process 29
2022/04/13 14:04:59 [notice] 26#26: signal 15 (SIGTERM) received, exiting
2022/04/13 14:04:59 [notice] 26#26: exiting
2022/04/13 14:04:59 [notice] 24#24: signal 15 (SIGTERM) received, exiting
2022/04/13 14:04:59 [notice] 24#24: exiting
2022/04/13 14:04:59 [notice] 27#27: signal 15 (SIGTERM) received, exiting
2022/04/13 14:04:59 [notice] 28#28: signal 15 (SIGTERM) received, exiting
2022/04/13 14:04:59 [notice] 23#23: signal 15 (SIGTERM) received, exiting
2022/04/13 14:04:59 [notice] 25#25: signal 15 (SIGTERM) received, exiting
2022/04/13 14:04:59 [notice] 25#25: exiting
2022/04/13 14:04:59 [notice] 29#29: signal 15 (SIGTERM) received, exiting
2022/04/13 14:04:59 [notice] 22#22: signal 15 (SIGTERM) received, exiting
2022/04/13 14:04:59 [notice] 1#1: signal 15 (SIGTERM) received, exiting
2022/04/13 14:04:59 [notice] 26#26: exit
2022/04/13 14:04:59 [notice] 24#24: exit
2022/04/13 14:04:59 [notice] 27#27: exiting
2022/04/13 14:04:59 [notice] 28#28: exiting
2022/04/13 14:04:59 [notice] 28#28: exit
2022/04/13 14:04:59 [notice] 23#23: exiting
2022/04/13 14:04:59 [notice] 25#25: exit
2022/04/13 14:04:59 [notice] 29#29: exiting
2022/04/13 14:04:59 [notice] 22#22: exiting
2022/04/13 14:04:59 [notice] 27#27: exit
2022/04/13 14:04:59 [notice] 23#23: exit
2022/04/13 14:04:59 [notice] 29#29: exit
2022/04/13 14:04:59 [notice] 22#22: exit
2022/04/13 14:04:59 [notice] 1#1: signal 14 (SIGALRM) received
2022/04/13 14:04:59 [notice] 1#1: signal 17 (SIGCHLD) received from 23
2022/04/13 14:04:59 [notice] 1#1: worker process 22 exited with code 0
2022/04/13 14:04:59 [notice] 1#1: worker process 23 exited with code 0
2022/04/13 14:04:59 [notice] 1#1: worker process 26 exited with code 0
2022/04/13 14:04:59 [notice] 1#1: worker process 28 exited with code 0
2022/04/13 14:04:59 [notice] 1#1: signal 29 (SIGIO) received
2022/04/13 14:04:59 [notice] 1#1: signal 17 (SIGCHLD) received from 24
2022/04/13 14:04:59 [notice] 1#1: worker process 24 exited with code 0
2022/04/13 14:04:59 [notice] 1#1: worker process 27 exited with code 0
2022/04/13 14:04:59 [notice] 1#1: worker process 29 exited with code 0
2022/04/13 14:04:59 [notice] 1#1: signal 29 (SIGIO) received
2022/04/13 14:04:59 [notice] 1#1: signal 17 (SIGCHLD) received from 25
2022/04/13 14:04:59 [notice] 1#1: worker process 25 exited with code 0
2022/04/13 14:04:59 [notice] 1#1: exit
2022/04/13 14:06:29 [emerg] 1#1: host not found in "hello11.dev" of the "listen" directive in /etc/nginx/conf.d/hello-dev.conf:2
2022/04/13 14:06:41 [emerg] 1#1: host not found in "hello11.dev" of the "listen" directive in /etc/nginx/conf.d/hello-dev.conf:2
2022/04/13 14:07:22 [emerg] 1#1: host not found in "www.hello11.dev" of the "listen" directive in /etc/nginx/conf.d/hello-dev.conf:2
2022/04/13 14:07:28 [emerg] 1#1: host not found in "www.hello11.dev" of the "listen" directive in /etc/nginx/conf.d/hello-dev.conf:2
2022/04/13 14:07:57 [emerg] 1#1: "proxy_pass" cannot have URI part in location given by regular expression, or inside named location, or inside "if" statement, or inside "limit_except" block in /etc/nginx/conf.d/hello-dev.conf:9
2022/04/13 14:08:05 [emerg] 1#1: "proxy_pass" cannot have URI part in location given by regular expression, or inside named location, or inside "if" statement, or inside "limit_except" block in /etc/nginx/conf.d/hello-dev.conf:9
2022/04/13 14:08:09 [emerg] 1#1: "proxy_pass" cannot have URI part in location given by regular expression, or inside named location, or inside "if" statement, or inside "limit_except" block in /etc/nginx/conf.d/hello-dev.conf:9
2022/04/13 14:09:26 [notice] 1#1: using the "epoll" event method
2022/04/13 14:09:26 [notice] 1#1: nginx/1.21.6
2022/04/13 14:09:26 [notice] 1#1: built by gcc 10.2.1 20210110 (Debian 10.2.1-6) 
2022/04/13 14:09:26 [notice] 1#1: OS: Linux 5.10.16.3-microsoft-standard-WSL2
2022/04/13 14:09:26 [notice] 1#1: getrlimit(RLIMIT_NOFILE): 1048576:1048576
2022/04/13 14:09:26 [notice] 1#1: start worker processes
2022/04/13 14:09:26 [notice] 1#1: start worker process 23
2022/04/13 14:09:26 [notice] 1#1: start worker process 24
2022/04/13 14:09:26 [notice] 1#1: start worker process 25
2022/04/13 14:09:26 [notice] 1#1: start worker process 26
2022/04/13 14:09:26 [notice] 1#1: start worker process 27
2022/04/13 14:09:26 [notice] 1#1: start worker process 28
2022/04/13 14:09:26 [notice] 1#1: start worker process 29
2022/04/13 14:09:26 [notice] 1#1: start worker process 30
2022/04/13 14:10:07 [notice] 1#1: signal 3 (SIGQUIT) received, shutting down
2022/04/13 14:10:07 [notice] 23#23: gracefully shutting down
2022/04/13 14:10:07 [notice] 24#24: gracefully shutting down
2022/04/13 14:10:07 [notice] 24#24: exiting
2022/04/13 14:10:07 [notice] 26#26: gracefully shutting down
2022/04/13 14:10:07 [notice] 25#25: gracefully shutting down
2022/04/13 14:10:07 [notice] 28#28: gracefully shutting down
2022/04/13 14:10:07 [notice] 29#29: gracefully shutting down
2022/04/13 14:10:07 [notice] 27#27: gracefully shutting down
2022/04/13 14:10:07 [notice] 30#30: gracefully shutting down
2022/04/13 14:10:07 [notice] 24#24: exit
2022/04/13 14:10:07 [notice] 26#26: exiting
2022/04/13 14:10:07 [notice] 25#25: exiting
2022/04/13 14:10:07 [notice] 28#28: exiting
2022/04/13 14:10:07 [notice] 29#29: exiting
2022/04/13 14:10:07 [notice] 27#27: exiting
2022/04/13 14:10:07 [notice] 30#30: exiting
2022/04/13 14:10:07 [notice] 26#26: exit
2022/04/13 14:10:07 [notice] 25#25: exit
2022/04/13 14:10:07 [notice] 28#28: exit
2022/04/13 14:10:07 [notice] 29#29: exit
2022/04/13 14:10:07 [notice] 27#27: exit
2022/04/13 14:10:07 [notice] 30#30: exit
2022/04/13 14:10:07 [notice] 1#1: signal 17 (SIGCHLD) received from 28
2022/04/13 14:10:07 [notice] 1#1: worker process 24 exited with code 0
2022/04/13 14:10:07 [notice] 1#1: worker process 25 exited with code 0
2022/04/13 14:10:07 [notice] 1#1: worker process 26 exited with code 0
2022/04/13 14:10:07 [notice] 1#1: worker process 28 exited with code 0
2022/04/13 14:10:07 [notice] 1#1: worker process 30 exited with code 0
2022/04/13 14:10:07 [notice] 1#1: signal 29 (SIGIO) received
2022/04/13 14:10:07 [notice] 1#1: signal 17 (SIGCHLD) received from 30
2022/04/13 14:10:08 [notice] 1#1: signal 17 (SIGCHLD) received from 29
2022/04/13 14:10:08 [notice] 1#1: worker process 29 exited with code 0
2022/04/13 14:10:08 [notice] 1#1: signal 29 (SIGIO) received
2022/04/13 14:10:08 [notice] 1#1: signal 17 (SIGCHLD) received from 27
2022/04/13 14:10:08 [notice] 1#1: worker process 27 exited with code 0
2022/04/13 14:10:08 [notice] 1#1: signal 29 (SIGIO) received
2022/04/13 14:10:09 [notice] 1#1: signal 3 (SIGQUIT) received, shutting down
2022/04/13 14:10:20 [notice] 1#1: using the "epoll" event method
2022/04/13 14:10:20 [notice] 1#1: nginx/1.21.6
2022/04/13 14:10:20 [notice] 1#1: built by gcc 10.2.1 20210110 (Debian 10.2.1-6) 
2022/04/13 14:10:20 [notice] 1#1: OS: Linux 5.10.16.3-microsoft-standard-WSL2
2022/04/13 14:10:20 [notice] 1#1: getrlimit(RLIMIT_NOFILE): 1048576:1048576
2022/04/13 14:10:20 [notice] 1#1: start worker processes
2022/04/13 14:10:20 [notice] 1#1: start worker process 22
2022/04/13 14:10:20 [notice] 1#1: start worker process 23
2022/04/13 14:10:20 [notice] 1#1: start worker process 24
2022/04/13 14:10:20 [notice] 1#1: start worker process 25
2022/04/13 14:10:20 [notice] 1#1: start worker process 26
2022/04/13 14:10:20 [notice] 1#1: start worker process 27
2022/04/13 14:10:20 [notice] 1#1: start worker process 28
2022/04/13 14:10:20 [notice] 1#1: start worker process 29
2022/04/13 14:19:57 [notice] 1#1: signal 15 (SIGTERM) received, exiting
2022/04/13 14:19:57 [notice] 25#25: signal 15 (SIGTERM) received, exiting
2022/04/13 14:19:57 [notice] 22#22: signal 15 (SIGTERM) received, exiting
2022/04/13 14:19:57 [notice] 24#24: signal 15 (SIGTERM) received, exiting
2022/04/13 14:19:57 [notice] 26#26: signal 15 (SIGTERM) received, exiting
2022/04/13 14:19:57 [notice] 23#23: signal 15 (SIGTERM) received, exiting
2022/04/13 14:19:57 [notice] 28#28: signal 15 (SIGTERM) received, exiting
2022/04/13 14:19:57 [notice] 27#27: signal 15 (SIGTERM) received, exiting
2022/04/13 14:19:57 [notice] 25#25: exiting
2022/04/13 14:19:57 [notice] 22#22: exiting
2022/04/13 14:19:57 [notice] 24#24: exiting
2022/04/13 14:19:57 [notice] 26#26: exiting
2022/04/13 14:19:57 [notice] 23#23: exiting
2022/04/13 14:19:57 [notice] 28#28: exiting
2022/04/13 14:19:57 [notice] 27#27: exiting
2022/04/13 14:19:57 [notice] 25#25: exit
2022/04/13 14:19:57 [notice] 22#22: exit
2022/04/13 14:19:57 [notice] 24#24: exit
2022/04/13 14:19:57 [notice] 26#26: exit
2022/04/13 14:19:57 [notice] 23#23: exit
2022/04/13 14:19:57 [notice] 28#28: exit
2022/04/13 14:19:57 [notice] 29#29: signal 15 (SIGTERM) received, exiting
2022/04/13 14:19:57 [notice] 27#27: exit
2022/04/13 14:19:57 [notice] 29#29: exiting
2022/04/13 14:19:57 [notice] 29#29: exit
2022/04/13 14:19:57 [notice] 1#1: signal 14 (SIGALRM) received
2022/04/13 14:19:57 [notice] 1#1: signal 17 (SIGCHLD) received from 27
2022/04/13 14:19:57 [notice] 1#1: worker process 26 exited with code 0
2022/04/13 14:19:57 [notice] 1#1: worker process 27 exited with code 0
2022/04/13 14:19:57 [notice] 1#1: worker process 29 exited with code 0
2022/04/13 14:19:57 [notice] 1#1: signal 29 (SIGIO) received
2022/04/13 14:19:57 [notice] 1#1: signal 17 (SIGCHLD) received from 26
2022/04/13 14:19:57 [notice] 1#1: signal 17 (SIGCHLD) received from 28
2022/04/13 14:19:57 [notice] 1#1: worker process 28 exited with code 0
2022/04/13 14:19:57 [notice] 1#1: signal 29 (SIGIO) received
2022/04/13 14:19:57 [notice] 1#1: signal 17 (SIGCHLD) received from 24
2022/04/13 14:19:57 [notice] 1#1: worker process 22 exited with code 0
2022/04/13 14:19:57 [notice] 1#1: worker process 23 exited with code 0
2022/04/13 14:19:57 [notice] 1#1: worker process 24 exited with code 0
2022/04/13 14:19:57 [notice] 1#1: worker process 25 exited with code 0
2022/04/13 14:19:57 [notice] 1#1: exit
2022/04/13 14:21:35 [notice] 1#1: using the "epoll" event method
2022/04/13 14:21:35 [notice] 1#1: nginx/1.21.6
2022/04/13 14:21:35 [notice] 1#1: built by gcc 10.2.1 20210110 (Debian 10.2.1-6) 
2022/04/13 14:21:35 [notice] 1#1: OS: Linux 5.10.16.3-microsoft-standard-WSL2
2022/04/13 14:21:35 [notice] 1#1: getrlimit(RLIMIT_NOFILE): 1048576:1048576
2022/04/13 14:21:35 [notice] 1#1: start worker processes
2022/04/13 14:21:35 [notice] 1#1: start worker process 23
2022/04/13 14:21:35 [notice] 1#1: start worker process 24
2022/04/13 14:21:35 [notice] 1#1: start worker process 25
2022/04/13 14:21:35 [notice] 1#1: start worker process 26
2022/04/13 14:21:35 [notice] 1#1: start worker process 27
2022/04/13 14:21:35 [notice] 1#1: start worker process 28
2022/04/13 14:21:35 [notice] 1#1: start worker process 29
2022/04/13 14:21:35 [notice] 1#1: start worker process 30
2022/04/13 14:25:01 [notice] 1#1: signal 3 (SIGQUIT) received, shutting down
2022/04/13 14:25:01 [notice] 23#23: gracefully shutting down
2022/04/13 14:25:01 [notice] 24#24: gracefully shutting down
2022/04/13 14:25:01 [notice] 25#25: gracefully shutting down
2022/04/13 14:25:01 [notice] 26#26: gracefully shutting down
2022/04/13 14:25:01 [notice] 27#27: gracefully shutting down
2022/04/13 14:25:01 [notice] 28#28: gracefully shutting down
2022/04/13 14:25:01 [notice] 28#28: exiting
2022/04/13 14:25:01 [notice] 29#29: gracefully shutting down
2022/04/13 14:25:01 [notice] 30#30: gracefully shutting down
2022/04/13 14:25:01 [notice] 23#23: exiting
2022/04/13 14:25:01 [notice] 24#24: exiting
2022/04/13 14:25:01 [notice] 25#25: exiting
2022/04/13 14:25:01 [notice] 26#26: exiting
2022/04/13 14:25:01 [notice] 27#27: exiting
2022/04/13 14:25:01 [notice] 28#28: exit
2022/04/13 14:25:01 [notice] 29#29: exiting
2022/04/13 14:25:01 [notice] 30#30: exiting
2022/04/13 14:25:01 [notice] 23#23: exit
2022/04/13 14:25:01 [notice] 24#24: exit
2022/04/13 14:25:01 [notice] 25#25: exit
2022/04/13 14:25:01 [notice] 26#26: exit
2022/04/13 14:25:01 [notice] 27#27: exit
2022/04/13 14:25:01 [notice] 29#29: exit
2022/04/13 14:25:01 [notice] 30#30: exit
2022/04/13 14:25:01 [notice] 1#1: signal 17 (SIGCHLD) received from 27
2022/04/13 14:25:01 [notice] 1#1: worker process 27 exited with code 0
2022/04/13 14:25:01 [notice] 1#1: signal 29 (SIGIO) received
2022/04/13 14:25:01 [notice] 1#1: signal 17 (SIGCHLD) received from 26
2022/04/13 14:25:01 [notice] 1#1: worker process 23 exited with code 0
2022/04/13 14:25:01 [notice] 1#1: worker process 24 exited with code 0
2022/04/13 14:25:01 [notice] 1#1: worker process 26 exited with code 0
2022/04/13 14:25:01 [notice] 1#1: worker process 28 exited with code 0
2022/04/13 14:25:01 [notice] 1#1: signal 29 (SIGIO) received
2022/04/13 14:25:01 [notice] 1#1: signal 17 (SIGCHLD) received from 25
2022/04/13 14:25:01 [notice] 1#1: worker process 25 exited with code 0
2022/04/13 14:25:01 [notice] 1#1: signal 29 (SIGIO) received
2022/04/13 14:25:01 [notice] 1#1: signal 17 (SIGCHLD) received from 30
2022/04/13 14:25:01 [notice] 1#1: worker process 29 exited with code 0
2022/04/13 14:25:01 [notice] 1#1: worker process 30 exited with code 0
2022/04/13 14:25:01 [notice] 1#1: exit
2022/04/13 14:25:02 [notice] 1#1: using the "epoll" event method
2022/04/13 14:25:02 [notice] 1#1: nginx/1.21.6
2022/04/13 14:25:02 [notice] 1#1: built by gcc 10.2.1 20210110 (Debian 10.2.1-6) 
2022/04/13 14:25:02 [notice] 1#1: OS: Linux 5.10.16.3-microsoft-standard-WSL2
2022/04/13 14:25:02 [notice] 1#1: getrlimit(RLIMIT_NOFILE): 1048576:1048576
2022/04/13 14:25:02 [notice] 1#1: start worker processes
2022/04/13 14:25:02 [notice] 1#1: start worker process 23
2022/04/13 14:25:02 [notice] 1#1: start worker process 24
2022/04/13 14:25:02 [notice] 1#1: start worker process 25
2022/04/13 14:25:02 [notice] 1#1: start worker process 26
2022/04/13 14:25:02 [notice] 1#1: start worker process 27
2022/04/13 14:25:02 [notice] 1#1: start worker process 28
2022/04/13 14:25:02 [notice] 1#1: start worker process 29
2022/04/13 14:25:02 [notice] 1#1: start worker process 30
2022/04/13 14:25:37 [notice] 1#1: signal 3 (SIGQUIT) received, shutting down
2022/04/13 14:25:37 [notice] 23#23: gracefully shutting down
2022/04/13 14:25:37 [notice] 24#24: gracefully shutting down
2022/04/13 14:25:37 [notice] 25#25: gracefully shutting down
2022/04/13 14:25:37 [notice] 26#26: gracefully shutting down
2022/04/13 14:25:37 [notice] 27#27: gracefully shutting down
2022/04/13 14:25:37 [notice] 28#28: gracefully shutting down
2022/04/13 14:25:37 [notice] 29#29: gracefully shutting down
2022/04/13 14:25:37 [notice] 30#30: gracefully shutting down
2022/04/13 14:25:37 [notice] 23#23: exiting
2022/04/13 14:25:37 [notice] 23#23: exit
2022/04/13 14:25:37 [notice] 24#24: exiting
2022/04/13 14:25:37 [notice] 25#25: exiting
2022/04/13 14:25:37 [notice] 26#26: exiting
2022/04/13 14:25:37 [notice] 27#27: exiting
2022/04/13 14:25:37 [notice] 28#28: exiting
2022/04/13 14:25:37 [notice] 29#29: exiting
2022/04/13 14:25:37 [notice] 30#30: exiting
2022/04/13 14:25:37 [notice] 24#24: exit
2022/04/13 14:25:37 [notice] 25#25: exit
2022/04/13 14:25:37 [notice] 26#26: exit
2022/04/13 14:25:37 [notice] 27#27: exit
2022/04/13 14:25:37 [notice] 28#28: exit
2022/04/13 14:25:37 [notice] 29#29: exit
2022/04/13 14:25:37 [notice] 30#30: exit
2022/04/13 14:25:37 [notice] 1#1: signal 17 (SIGCHLD) received from 25
2022/04/13 14:25:37 [notice] 1#1: worker process 23 exited with code 0
2022/04/13 14:25:37 [notice] 1#1: worker process 24 exited with code 0
2022/04/13 14:25:37 [notice] 1#1: worker process 25 exited with code 0
2022/04/13 14:25:37 [notice] 1#1: worker process 26 exited with code 0
2022/04/13 14:25:37 [notice] 1#1: worker process 27 exited with code 0
2022/04/13 14:25:37 [notice] 1#1: worker process 28 exited with code 0
2022/04/13 14:25:37 [notice] 1#1: worker process 29 exited with code 0
2022/04/13 14:25:37 [notice] 1#1: worker process 30 exited with code 0
2022/04/13 14:25:37 [notice] 1#1: exit
2022/04/13 14:25:39 [emerg] 1#1: unknown directive "www.example.com" in /etc/nginx/conf.d/hello11-dev.conf:3
2022/04/13 14:25:57 [notice] 1#1: using the "epoll" event method
2022/04/13 14:25:57 [notice] 1#1: nginx/1.21.6
2022/04/13 14:25:57 [notice] 1#1: built by gcc 10.2.1 20210110 (Debian 10.2.1-6) 
2022/04/13 14:25:57 [notice] 1#1: OS: Linux 5.10.16.3-microsoft-standard-WSL2
2022/04/13 14:25:57 [notice] 1#1: getrlimit(RLIMIT_NOFILE): 1048576:1048576
2022/04/13 14:25:57 [notice] 1#1: start worker processes
2022/04/13 14:25:57 [notice] 1#1: start worker process 23
2022/04/13 14:25:57 [notice] 1#1: start worker process 24
2022/04/13 14:25:57 [notice] 1#1: start worker process 25
2022/04/13 14:25:57 [notice] 1#1: start worker process 26
2022/04/13 14:25:57 [notice] 1#1: start worker process 27
2022/04/13 14:25:57 [notice] 1#1: start worker process 28
2022/04/13 14:25:57 [notice] 1#1: start worker process 29
2022/04/13 14:25:57 [notice] 1#1: start worker process 30
2022/04/13 14:26:40 [notice] 1#1: signal 3 (SIGQUIT) received, shutting down
2022/04/13 14:26:40 [notice] 23#23: gracefully shutting down
2022/04/13 14:26:40 [notice] 24#24: gracefully shutting down
2022/04/13 14:26:40 [notice] 25#25: gracefully shutting down
2022/04/13 14:26:40 [notice] 26#26: gracefully shutting down
2022/04/13 14:26:40 [notice] 26#26: exiting
2022/04/13 14:26:40 [notice] 27#27: gracefully shutting down
2022/04/13 14:26:40 [notice] 28#28: gracefully shutting down
2022/04/13 14:26:40 [notice] 29#29: gracefully shutting down
2022/04/13 14:26:40 [notice] 30#30: gracefully shutting down
2022/04/13 14:26:40 [notice] 23#23: exiting
2022/04/13 14:26:40 [notice] 24#24: exiting
2022/04/13 14:26:40 [notice] 25#25: exiting
2022/04/13 14:26:40 [notice] 26#26: exit
2022/04/13 14:26:40 [notice] 27#27: exiting
2022/04/13 14:26:40 [notice] 28#28: exiting
2022/04/13 14:26:40 [notice] 29#29: exiting
2022/04/13 14:26:40 [notice] 30#30: exiting
2022/04/13 14:26:40 [notice] 23#23: exit
2022/04/13 14:26:40 [notice] 24#24: exit
2022/04/13 14:26:40 [notice] 25#25: exit
2022/04/13 14:26:40 [notice] 27#27: exit
2022/04/13 14:26:40 [notice] 28#28: exit
2022/04/13 14:26:40 [notice] 29#29: exit
2022/04/13 14:26:40 [notice] 30#30: exit
2022/04/13 14:26:40 [notice] 1#1: signal 17 (SIGCHLD) received from 28
2022/04/13 14:26:40 [notice] 1#1: worker process 28 exited with code 0
2022/04/13 14:26:40 [notice] 1#1: signal 29 (SIGIO) received
2022/04/13 14:26:40 [notice] 1#1: signal 17 (SIGCHLD) received from 27
2022/04/13 14:26:40 [notice] 1#1: worker process 23 exited with code 0
2022/04/13 14:26:40 [notice] 1#1: worker process 24 exited with code 0
2022/04/13 14:26:40 [notice] 1#1: worker process 25 exited with code 0
2022/04/13 14:26:40 [notice] 1#1: worker process 27 exited with code 0
2022/04/13 14:26:40 [notice] 1#1: worker process 29 exited with code 0
2022/04/13 14:26:40 [notice] 1#1: worker process 30 exited with code 0
2022/04/13 14:26:40 [notice] 1#1: signal 29 (SIGIO) received
2022/04/13 14:26:40 [notice] 1#1: signal 17 (SIGCHLD) received from 25
2022/04/13 14:26:40 [notice] 1#1: signal 17 (SIGCHLD) received from 26
2022/04/13 14:26:40 [notice] 1#1: worker process 26 exited with code 0
2022/04/13 14:26:40 [notice] 1#1: exit
2022/04/13 14:26:43 [notice] 1#1: using the "epoll" event method
2022/04/13 14:26:43 [notice] 1#1: nginx/1.21.6
2022/04/13 14:26:43 [notice] 1#1: built by gcc 10.2.1 20210110 (Debian 10.2.1-6) 
2022/04/13 14:26:43 [notice] 1#1: OS: Linux 5.10.16.3-microsoft-standard-WSL2
2022/04/13 14:26:43 [notice] 1#1: getrlimit(RLIMIT_NOFILE): 1048576:1048576
2022/04/13 14:26:43 [notice] 1#1: start worker processes
2022/04/13 14:26:43 [notice] 1#1: start worker process 23
2022/04/13 14:26:43 [notice] 1#1: start worker process 24
2022/04/13 14:26:43 [notice] 1#1: start worker process 25
2022/04/13 14:26:43 [notice] 1#1: start worker process 26
2022/04/13 14:26:43 [notice] 1#1: start worker process 27
2022/04/13 14:26:43 [notice] 1#1: start worker process 28
2022/04/13 14:26:43 [notice] 1#1: start worker process 29
2022/04/13 14:26:43 [notice] 1#1: start worker process 30
2022/04/13 14:27:16 [notice] 1#1: signal 3 (SIGQUIT) received, shutting down
2022/04/13 14:27:16 [notice] 23#23: gracefully shutting down
2022/04/13 14:27:16 [notice] 24#24: gracefully shutting down
2022/04/13 14:27:16 [notice] 25#25: gracefully shutting down
2022/04/13 14:27:16 [notice] 26#26: gracefully shutting down
2022/04/13 14:27:16 [notice] 27#27: gracefully shutting down
2022/04/13 14:27:16 [notice] 28#28: gracefully shutting down
2022/04/13 14:27:16 [notice] 30#30: gracefully shutting down
2022/04/13 14:27:16 [notice] 29#29: gracefully shutting down
2022/04/13 14:27:16 [notice] 23#23: exiting
2022/04/13 14:27:16 [notice] 24#24: exiting
2022/04/13 14:27:16 [notice] 25#25: exiting
2022/04/13 14:27:16 [notice] 26#26: exiting
2022/04/13 14:27:16 [notice] 27#27: exiting
2022/04/13 14:27:16 [notice] 28#28: exiting
2022/04/13 14:27:16 [notice] 30#30: exiting
2022/04/13 14:27:16 [notice] 29#29: exiting
2022/04/13 14:27:16 [notice] 23#23: exit
2022/04/13 14:27:16 [notice] 24#24: exit
2022/04/13 14:27:16 [notice] 25#25: exit
2022/04/13 14:27:16 [notice] 26#26: exit
2022/04/13 14:27:16 [notice] 27#27: exit
2022/04/13 14:27:16 [notice] 28#28: exit
2022/04/13 14:27:16 [notice] 30#30: exit
2022/04/13 14:27:16 [notice] 29#29: exit
2022/04/13 14:27:16 [notice] 1#1: signal 17 (SIGCHLD) received from 30
2022/04/13 14:27:16 [notice] 1#1: worker process 24 exited with code 0
2022/04/13 14:27:16 [notice] 1#1: worker process 25 exited with code 0
2022/04/13 14:27:16 [notice] 1#1: worker process 27 exited with code 0
2022/04/13 14:27:16 [notice] 1#1: worker process 29 exited with code 0
2022/04/13 14:27:16 [notice] 1#1: worker process 30 exited with code 0
2022/04/13 14:27:16 [notice] 1#1: signal 29 (SIGIO) received
2022/04/13 14:27:16 [notice] 1#1: signal 17 (SIGCHLD) received from 24
2022/04/13 14:27:16 [notice] 1#1: signal 17 (SIGCHLD) received from 26
2022/04/13 14:27:16 [notice] 1#1: worker process 26 exited with code 0
2022/04/13 14:27:16 [notice] 1#1: signal 29 (SIGIO) received
2022/04/13 14:27:16 [notice] 1#1: signal 17 (SIGCHLD) received from 23
2022/04/13 14:27:16 [notice] 1#1: worker process 23 exited with code 0
2022/04/13 14:27:16 [notice] 1#1: worker process 28 exited with code 0
2022/04/13 14:27:16 [notice] 1#1: exit
2022/04/13 14:27:19 [notice] 1#1: using the "epoll" event method
2022/04/13 14:27:19 [notice] 1#1: nginx/1.21.6
2022/04/13 14:27:19 [notice] 1#1: built by gcc 10.2.1 20210110 (Debian 10.2.1-6) 
2022/04/13 14:27:19 [notice] 1#1: OS: Linux 5.10.16.3-microsoft-standard-WSL2
2022/04/13 14:27:19 [notice] 1#1: getrlimit(RLIMIT_NOFILE): 1048576:1048576
2022/04/13 14:27:19 [notice] 1#1: start worker processes
2022/04/13 14:27:19 [notice] 1#1: start worker process 23
2022/04/13 14:27:19 [notice] 1#1: start worker process 24
2022/04/13 14:27:19 [notice] 1#1: start worker process 25
2022/04/13 14:27:19 [notice] 1#1: start worker process 26
2022/04/13 14:27:19 [notice] 1#1: start worker process 27
2022/04/13 14:27:19 [notice] 1#1: start worker process 28
2022/04/13 14:27:19 [notice] 1#1: start worker process 29
2022/04/13 14:27:19 [notice] 1#1: start worker process 30
2022/04/13 14:30:43 [notice] 24#24: signal 15 (SIGTERM) received, exiting
2022/04/13 14:30:43 [notice] 26#26: signal 15 (SIGTERM) received, exiting
2022/04/13 14:30:43 [notice] 26#26: exiting
2022/04/13 14:30:43 [notice] 1#1: signal 15 (SIGTERM) received, exiting
2022/04/13 14:30:43 [notice] 23#23: signal 15 (SIGTERM) received, exiting
2022/04/13 14:30:43 [notice] 23#23: exiting
2022/04/13 14:30:43 [notice] 25#25: signal 15 (SIGTERM) received, exiting
2022/04/13 14:30:43 [notice] 25#25: exiting
2022/04/13 14:30:43 [notice] 30#30: signal 15 (SIGTERM) received, exiting
2022/04/13 14:30:43 [notice] 30#30: exiting
2022/04/13 14:30:43 [notice] 27#27: signal 15 (SIGTERM) received, exiting
2022/04/13 14:30:43 [notice] 28#28: signal 15 (SIGTERM) received, exiting
2022/04/13 14:30:43 [notice] 29#29: signal 15 (SIGTERM) received, exiting
2022/04/13 14:30:43 [notice] 24#24: exiting
2022/04/13 14:30:43 [notice] 26#26: exit
2022/04/13 14:30:43 [notice] 23#23: exit
2022/04/13 14:30:43 [notice] 25#25: exit
2022/04/13 14:30:43 [notice] 30#30: exit
2022/04/13 14:30:43 [notice] 27#27: exiting
2022/04/13 14:30:43 [notice] 28#28: exiting
2022/04/13 14:30:43 [notice] 29#29: exiting
2022/04/13 14:30:43 [notice] 24#24: exit
2022/04/13 14:30:43 [notice] 27#27: exit
2022/04/13 14:30:43 [notice] 28#28: exit
2022/04/13 14:30:43 [notice] 29#29: exit
2022/04/13 14:30:43 [notice] 1#1: signal 14 (SIGALRM) received
2022/04/13 14:30:43 [notice] 1#1: signal 17 (SIGCHLD) received from 29
2022/04/13 14:30:43 [notice] 1#1: worker process 23 exited with code 0
2022/04/13 14:30:43 [notice] 1#1: worker process 27 exited with code 0
2022/04/13 14:30:43 [notice] 1#1: worker process 29 exited with code 0
2022/04/13 14:30:43 [notice] 1#1: signal 29 (SIGIO) received
2022/04/13 14:30:43 [notice] 1#1: signal 17 (SIGCHLD) received from 28
2022/04/13 14:30:43 [notice] 1#1: worker process 28 exited with code 0
2022/04/13 14:30:43 [notice] 1#1: signal 29 (SIGIO) received
2022/04/13 14:30:43 [notice] 1#1: signal 17 (SIGCHLD) received from 25
2022/04/13 14:30:43 [notice] 1#1: worker process 25 exited with code 0
2022/04/13 14:30:43 [notice] 1#1: worker process 26 exited with code 0
2022/04/13 14:30:43 [notice] 1#1: signal 29 (SIGIO) received
2022/04/13 14:30:43 [notice] 1#1: signal 17 (SIGCHLD) received from 24
2022/04/13 14:30:43 [notice] 1#1: worker process 24 exited with code 0
2022/04/13 14:30:43 [notice] 1#1: worker process 30 exited with code 0
2022/04/13 14:30:43 [notice] 1#1: exit
2022/04/13 14:34:54 [notice] 1#1: using the "epoll" event method
2022/04/13 14:34:54 [notice] 1#1: nginx/1.21.6
2022/04/13 14:34:54 [notice] 1#1: built by gcc 10.2.1 20210110 (Debian 10.2.1-6) 
2022/04/13 14:34:54 [notice] 1#1: OS: Linux 5.10.16.3-microsoft-standard-WSL2
2022/04/13 14:34:54 [notice] 1#1: getrlimit(RLIMIT_NOFILE): 1048576:1048576
2022/04/13 14:34:54 [notice] 1#1: start worker processes
2022/04/13 14:34:54 [notice] 1#1: start worker process 23
2022/04/13 14:34:54 [notice] 1#1: start worker process 24
2022/04/13 14:34:54 [notice] 1#1: start worker process 25
2022/04/13 14:34:54 [notice] 1#1: start worker process 26
2022/04/13 14:34:54 [notice] 1#1: start worker process 27
2022/04/13 14:34:54 [notice] 1#1: start worker process 28
2022/04/13 14:34:54 [notice] 1#1: start worker process 29
2022/04/13 14:34:54 [notice] 1#1: start worker process 30
